['çft', 'manê', 'ado', 'intimação', 'extraído', 'relação', 'das', 'decisões', 'dos', 'despachos', 'publicados', 'diário', 'justiça', 'ordem', 'seqzetáriq', 'judiqário', 'eletn', 'jnicode', 'de', 'março']
/home/isis/.env/lib/python3.6/site-packages/smart_open/smart_open_lib.py:398: UserWarning: This function is deprecated, use smart_open.open instead. See the migration notes for details: https://github.com/RaRe-Technologies/smart_open/blob/master/README.rst#migrating-to-the-new-open-function
  'See the migration notes for details: %s' % _MIGRATION_NOTES_URL
[(44,
  '0.137*"saldo" + 0.110*"cod" + 0.095*"descrição" + 0.068*"credito" + '
  '0.060*"totais" + 0.051*"debito" + 0.044*"periodo" + 0.038*"jam" + '
  '0.031*"recolhimento" + 0.023*"creditos"'),
 (41,
  '0.099*"ipi" + 0.089*"icms" + 0.039*"importação" + 0.035*"produtos" + '
  '0.030*"imposto" + 0.027*"produto" + 0.027*"cumulatividade" + '
  '0.025*"aduaneiro" + 0.020*"uso" + 0.020*"transportes"'),
 (9,
  '0.090*"doença" + 0.088*"acidente" + 0.057*"médico" + 0.046*"médicos" + '
  '0.030*"médica" + 0.028*"saúde" + 0.027*"hospital" + 0.027*"medicina" + '
  '0.023*"hospitalar" + 0.017*"doenças"'),
 (21,
  '0.675*"num" + 0.036*"eletronicamente" + 0.029*"digital" + '
  '0.020*"certificação" + 0.018*"cnpj" + 0.018*"incide" + 0.018*"protocolada" '
  '+ 0.016*"pág" + 0.014*"pertence" + 0.009*"consulta"'),
 (43,
  '0.086*"paraná" + 0.074*"curitiba" + 0.035*"projudi" + 0.031*"ref" + '
  '0.030*"página" + 0.030*"juntada" + 0.029*"goiás" + 0.025*"palmas" + '
  '0.022*"arq" + 0.016*"londrina"'),
 (14,
  '0.671*"cnpj" + 0.090*"ltda" + 0.052*"pgto" + 0.021*"vlr" + '
  '0.010*"inscrição" + 0.008*"comercio" + 0.008*"industria" + 0.007*"ind" + '
  '0.007*"comp" + 0.007*"rs"'),
 (36,
  '0.261*"beneficiário" + 0.169*"meses" + 0.082*"contratuais" + '
  '0.049*"atualizado" + 0.037*"incide" + 0.020*"ano" + 0.013*"plano" + '
  '0.013*"corrente" + 0.009*"entidade" + 0.008*"entidades"'),
 (35,
  '0.056*"recife" + 0.051*"fortaleza" + 0.035*"região" + 0.034*"regional" + '
  '0.032*"joão" + 0.030*"ceará" + 0.024*"natal" + 0.023*"norte" + '
  '0.018*"comprovação" + 0.018*"francisco"'),
 (37,
  '0.116*"folha" + 0.046*"inss" + 0.041*"liquido" + 0.038*"salario" + '
  '0.030*"descontos" + 0.027*"cargo" + 0.026*"ferias" + 0.026*"dep" + '
  '0.024*"líquido" + 0.020*"irf"'),
 (34,
  '0.129*"serviços" + 0.061*"empresa" + 0.055*"uso" + 0.024*"informações" + '
  '0.022*"contrato" + 0.016*"atividade" + 0.015*"normal" + '
  '0.012*"equipamentos" + 0.012*"empresas" + 0.012*"agência"'),
 (27,
  '0.110*"evento" + 0.049*"usuário" + 0.034*"rra" + 0.032*"ARTIGO_1º" + '
  '0.028*"página" + 0.028*"separação" + 0.028*"automaticamente" + '
  '0.026*"LEI_11419" + 0.022*"juntados" + 0.022*"indicado"'),
 (30,
  '0.077*"irpf" + 0.077*"meses" + 0.035*"incide" + 0.024*"monetária" + '
  '0.020*"correção" + 0.019*"atualizado" + 0.019*"mora" + 0.017*"corrente" + '
  '0.013*"ano" + 0.012*"fazenda"'),
 (3,
  '0.032*"benefício" + 0.024*"aposentadoria" + 0.020*"inss" + '
  '0.014*"previdenciário" + 0.012*"atividade" + 0.012*"segurado" + '
  '0.011*"LEI_8213" + 0.010*"contribuição" + 0.009*"procuradoria" + '
  '0.008*"previdência"'),
 (7,
  '0.008*"rei" + 0.007*"sao" + 0.006*"brasileiro" + 0.005*"cidade" + '
  '0.005*"comarca" + 0.005*"apto" + 0.005*"centro" + 0.005*"corrente" + '
  '0.004*"inscrito" + 0.004*"nao"'),
 (28,
  '0.014*"indenização" + 0.012*"dano" + 0.009*"danos" + '
  '0.009*"responsabilidade" + 0.006*"moral" + 0.006*"boa" + 0.005*"aracaju" + '
  '0.005*"juizado" + 0.005*"ressarcimento" + 0.005*"morais"'),
 (8,
  '0.039*"prescrição" + 0.013*"prescricional" + 0.012*"trabalhista" + '
  '0.008*"incorporação" + 0.008*"parcela" + 0.008*"região" + 0.008*"regional" '
  '+ 0.007*"diferenças" + 0.006*"parcelas" + 0.006*"advocacia"'),
 (2,
  '0.027*"gerais" + 0.025*"belo" + 0.024*"minas" + 0.024*"horizonte" + '
  '0.018*"secretário" + 0.015*"tocantins" + 0.013*"santo" + 0.011*"maranhão" + '
  '0.011*"qtd" + 0.011*"santa"'),
 (31,
  '0.006*"inconstitucionalidade" + 0.003*"leis" + 0.003*"administração" + '
  '0.003*"texto" + 0.002*"legislador" + 0.002*"finalidade" + '
  '0.002*"constitucionalidade" + 0.002*"emenda" + 0.002*"edição" + '
  '0.002*"regra"'),
 (48,
  '0.020*"souza" + 0.017*"costa" + 0.017*"ferreira" + 0.014*"alves" + '
  '0.013*"rodrigues" + 0.011*"lopes" + 0.010*"soares" + 0.010*"rosa" + '
  '0.010*"gomes" + 0.009*"lima"'),
 (5,
  '0.003*"desembargador" + 0.003*"EMAIL" + 0.003*"omissão" + '
  '0.003*"embargante" + 0.002*"des" + 0.002*"nulidade" + 0.002*"julgador" + '
  '0.002*"impossibilidade" + 0.002*"interpretação" + 0.002*"reexame"')]
/home/isis/.env/lib/python3.6/site-packages/smart_open/smart_open_lib.py:398: UserWarning: This function is deprecated, use smart_open.open instead. See the migration notes for details: https://github.com/RaRe-Technologies/smart_open/blob/master/README.rst#migrating-to-the-new-open-function
  'See the migration notes for details: %s' % _MIGRATION_NOTES_URL
/home/isis/.env/lib/python3.6/site-packages/smart_open/smart_open_lib.py:398: UserWarning: This function is deprecated, use smart_open.open instead. See the migration notes for details: https://github.com/RaRe-Technologies/smart_open/blob/master/README.rst#migrating-to-the-new-open-function
  'See the migration notes for details: %s' % _MIGRATION_NOTES_URL
